2020Mar13-08:26:11 root DEBUG     0  1     2  3       4       5  6       7  8   ... 82 83 84 85 86 87 88 89 90
24  34        1                        0.0325     ...                           
23  35      001             0.0328                ...                           
22  36      002             0.0322                ...                           
21  37      003             0.0386                ...                           
20  38      004             0.0315                ...                           
19  39      005             0.0315                ...                           
18  40      std             0.0309                ...                           
17  41      922             0.0377                ...                           
16  42      924             0.0324                ...                           
15  43      925              0.033                ...                           
14  44     std1      0.032                        ...                           
13  45      921             0.0351                ...                           
12  46      923             0.0347                ...                           
11  47     std2     0.0374                        ...                           
10  48      920             0.0311                ...                           
9   49     9365     0.0352                        ...                           
8   50     9367     0.0344                        ...                           
7   51     9368     0.0332                        ...                           
6   52     9369     0.0345                        ...                           
5   53     9378     0.0338                        ...                           
4   54      135             0.0333                ...                           
3   55      137             0.0327                ...                           
2   56     3494     0.0316                        ...                           

[23 rows x 91 columns]
2020Mar13-08:26:12 root DEBUG e:/uipathdir/hcs\20191127hcs_OK.txt
2020Mar13-08:28:30 root DEBUG WatchDog Observer is startting.....
2020Mar13-08:28:30 root DEBUG patterns=['*puid.txt', '*AFS*.XLSX', '*AAS.TXT', '*HCS.TXT', '*HCS*.XLS', '*surpacToCad*.XLSX']
2020Mar13-08:28:30 root DEBUG path=e:/uipathdir
2020Mar13-08:28:38 root DEBUG <FileCreatedEvent: src_path='e:/uipathdir\\20191127HCS.txt'>
2020Mar13-08:28:38 root DEBUG     0  1     2  3       4       5  6       7  8   ... 82 83 84 85 86 87 88 89 90
24  34        1                        0.0325     ...                           
23  35      001             0.0328                ...                           
22  36      002             0.0322                ...                           
21  37      003             0.0386                ...                           
20  38      004             0.0315                ...                           
19  39      005             0.0315                ...                           
18  40      std             0.0309                ...                           
17  41      922             0.0377                ...                           
16  42      924             0.0324                ...                           
15  43      925              0.033                ...                           
14  44     std1      0.032                        ...                           
13  45      921             0.0351                ...                           
12  46      923             0.0347                ...                           
11  47     std2     0.0374                        ...                           
10  48      920             0.0311                ...                           
9   49     9365     0.0352                        ...                           
8   50     9367     0.0344                        ...                           
7   51     9368     0.0332                        ...                           
6   52     9369     0.0345                        ...                           
5   53     9378     0.0338                        ...                           
4   54      135             0.0333                ...                           
3   55      137             0.0327                ...                           
2   56     3494     0.0316                        ...                           

[23 rows x 91 columns]
2020Mar13-08:28:38 root DEBUG e:/uipathdir/hcs\20191127hcs_OK.txt
2020Mar13-08:29:21 root DEBUG <FileCreatedEvent: src_path='e:/uipathdir\\20191127AAS.txt'>
2020Mar13-08:29:21 root DEBUG                                                  0
0                                            各元素列表
1                                         测定模式\t火焰
2                                            操作者\t
3   测定日\t2019/11/27 19:16:34 ～ 2019/11/27 19:21:06
4                     元素\tAu\tSTD样品单位\t\tUNK样品单位\t
5        样品ID\t样品名\t浓度\t\tRSD(%)\t\tABS\t\tREF\t\t
6       STD1\t\t0.00\t\t---\t\t0.0001\t\t-0.0027\t
7       STD2\t\t0.50\t\t---\t\t0.0086\t\t-0.0089\t
8       STD3\t\t2.00\t\t---\t\t0.0351\t\t-0.0123\t
9       STD4\t\t4.00\t\t---\t\t0.0705\t\t-0.0146\t
10     STD5\t\t10.00\t\t---\t\t0.1713\t\t-0.0097\t
11                                          标准曲线系数
12                                       \tK3\t---
13                            \tK2\t-7.707153e-005
14                             \tK1\t1.791894e-002
15                            \tK0\t-1.589393e-004
16                                  决定系数\t1.0000\t
17                                         DL\t---
18    UNK-999\t\t2.01\t\t---\t\t0.0355\t\t0.0015\t
19   UNK-001\t\t0.49\t\t---\t\t0.0086\t\t-0.0050\t
20   UNK-002\t\t0.49\t\t---\t\t0.0086\t\t-0.0077\t
21   UNK-003\t\t1.98\t\t---\t\t0.0351\t\t-0.0090\t
22   UNK-004\t\t1.96\t\t---\t\t0.0346\t\t-0.0152\t
23   UNK-005\t\t3.96\t\t---\t\t0.0696\t\t-0.0129\t
24   UNK-006\t\t0.50\t\t---\t\t0.0087\t\t-0.0214\t
2020Mar13-08:29:41 root DEBUG <FileCreatedEvent: src_path='e:/uipathdir\\1212121puid.txt'>
2020Mar13-09:02:46 root DEBUG WatchDog Observer is startting.....
2020Mar13-09:02:46 root DEBUG patterns=['*puid.txt', '*AFS*.XLSX', '*AAS.TXT', '*HCS.TXT', '*HCS*.XLS', '*surpacToCad*.XLSX']
2020Mar13-09:02:46 root DEBUG path=e:/uipathdir
2020Mar13-09:15:33 root DEBUG WatchDog Observer is startting.....
2020Mar13-09:15:33 root DEBUG patterns=['*puid.txt', '*AFS*.XLSX', '*AAS.TXT', '*HCS.TXT', '*HCS*.XLS', '*surpacToCad*.XLSX']
2020Mar13-09:15:33 root DEBUG path=e:/uipathdir
2020Mar13-09:16:12 root DEBUG WatchDog Observer is startting.....
2020Mar13-09:16:12 root DEBUG patterns=['*puid.txt', '*AFS*.XLSX', '*AAS.TXT', '*HCS.TXT', '*HCS*.XLS', '*surpacToCad*.XLSX']
2020Mar13-09:16:12 root DEBUG path=e:/uipathdir
2020Mar13-09:17:38 root DEBUG WatchDog Observer is startting.....
2020Mar13-09:17:38 root DEBUG patterns=['*puid.txt', '*AFS*.XLSX', '*AAS.TXT', '*HCS.TXT', '*HCS*.XLS', '*surpacToCad*.XLSX']
2020Mar13-09:17:38 root DEBUG path=e:/uipathdir
2020Mar13-09:20:52 root DEBUG WatchDog Observer is startting.....
2020Mar13-09:20:52 root DEBUG patterns=['*puid.txt', '*AFS*.XLSX', '*AAS.TXT', '*HCS.TXT', '*HCS*.XLS', '*surpacToCad*.XLSX']
2020Mar13-09:20:52 root DEBUG path=e:/uipathdir
