2020Mar10-03:17:13 root DEBUG WatchDog Observer is startting.....
2020Mar10-03:17:13 root DEBUG patterns=['*surpacToCad*.XLSX']
2020Mar10-03:17:13 root DEBUG path=e:\uipathdir
2020Mar10-03:17:26 root DEBUG <FileCreatedEvent: src_path='e:\\uipathdir\\surpacToCad20200309.xlsx'>
2020Mar10-03:17:48 root DEBUG                             0     1     2
1  巴彦包勒格矿区银多金属矿5号勘查线地质剖面图_分析表  3100  1000
2  巴彦包勒格矿区银多金属矿6号勘查线地质剖面图_分析表  2200  1000
3  巴彦包勒格矿区银多金属矿7号勘查线地质剖面图_分析表  1700  1000
4  巴彦包勒格矿区银多金属矿8号勘查线地质剖面图_分析表  1500  1000
5  巴彦包勒格矿区银多金属矿9号勘查线地质剖面图_分析表  2200  1000
2020Mar10-03:17:53 root DEBUG <FileCreatedEvent: src_path='e:\\uipathdir\\20200308surpacToCad.xlsx'>
2020Mar10-03:18:08 root DEBUG                             0     1     2
1  巴彦包勒格矿区银多金属矿0号勘查线地质剖面图_分析表  3100  1000
2  巴彦包勒格矿区银多金属矿1号勘查线地质剖面图_分析表  2200  1000
3  巴彦包勒格矿区银多金属矿2号勘查线地质剖面图_分析表  1700  1000
4  巴彦包勒格矿区银多金属矿3号勘查线地质剖面图_分析表  1500  1000
5  巴彦包勒格矿区银多金属矿4号勘查线地质剖面图_分析表  2200  1000
2020Mar10-03:18:20 root DEBUG <FileCreatedEvent: src_path='e:\\uipathdir\\surpacToCad20200309.xlsx'>
2020Mar10-03:18:34 root DEBUG                             0     1     2
1  巴彦包勒格矿区银多金属矿5号勘查线地质剖面图_分析表  3100  1000
2  巴彦包勒格矿区银多金属矿6号勘查线地质剖面图_分析表  2200  1000
3  巴彦包勒格矿区银多金属矿7号勘查线地质剖面图_分析表  1700  1000
4  巴彦包勒格矿区银多金属矿8号勘查线地质剖面图_分析表  1500  1000
5  巴彦包勒格矿区银多金属矿9号勘查线地质剖面图_分析表  2200  1000
2020Mar10-03:18:34 root DEBUG <FileCreatedEvent: src_path='e:\\uipathdir\\20200308surpacToCad.xlsx'>
2020Mar10-03:18:40 root DEBUG                             0     1     2
1  巴彦包勒格矿区银多金属矿0号勘查线地质剖面图_分析表  3100  1000
2  巴彦包勒格矿区银多金属矿1号勘查线地质剖面图_分析表  2200  1000
3  巴彦包勒格矿区银多金属矿2号勘查线地质剖面图_分析表  1700  1000
4  巴彦包勒格矿区银多金属矿3号勘查线地质剖面图_分析表  1500  1000
5  巴彦包勒格矿区银多金属矿4号勘查线地质剖面图_分析表  2200  1000
2020Mar10-07:04:07 root DEBUG <FileCreatedEvent: src_path='e:\\uipathdir\\surpacToCad20200309.xlsx'>
2020Mar10-07:05:20 root DEBUG                             0     1     2
1  巴彦包勒格矿区银多金属矿5号勘查线地质剖面图_分析表  3100  1000
2  巴彦包勒格矿区银多金属矿6号勘查线地质剖面图_分析表  2200  1000
3  巴彦包勒格矿区银多金属矿7号勘查线地质剖面图_分析表  1700  1000
4  巴彦包勒格矿区银多金属矿8号勘查线地质剖面图_分析表  1500  1000
5  巴彦包勒格矿区银多金属矿9号勘查线地质剖面图_分析表  2200  1000
2020Mar10-07:30:32 root DEBUG <FileCreatedEvent: src_path='e:\\uipathdir\\20200308surpacToCad.xlsx'>
